# JRE version: Java(TM) SE Runtime Environment (8.0_191-b12) (build 1.8.0_191-b12)
# Java VM: Java HotSpot(TM) Client VM (25.191-b12 mixed mode windows-x86 )
Heap:
 def new generation   total 85952K, used 58396K [0x04e00000, 0x0ab40000, 0x0f8a0000)
  eden space 76416K,  76% used [0x04e00000, 0x087072c0, 0x098a0000)
  from space 9536K,   0% used [0x098a0000, 0x098a0000, 0x0a1f0000)
  to   space 9536K,   0% used [0x0a1f0000, 0x0a1f0000, 0x0ab40000)
 tenured generation   total 190904K, used 114541K [0x0f8a0000, 0x1b30e000, 0x24e00000)
   the space 190904K,  59% used [0x0f8a0000, 0x1687b680, 0x1687b800, 0x1b30e000)
 Metaspace       used 21482K, capacity 22015K, committed 22144K, reserved 22912K
GC Heap History (10 events):
Event: 13.865 GC heap before
{Heap before GC invocations=7 (full 1):
 def new generation   total 51264K, used 49563K [0x04e00000, 0x08590000, 0x0f8a0000)
  eden space 45632K,  96% used [0x04e00000, 0x078e6f88, 0x07a90000)
  from space 5632K, 100% used [0x07a90000, 0x08010000, 0x08010000)
  to   space 5632K,   0% used [0x08010000, 0x08010000, 0x08590000)
 tenured generation   total 113696K, used 73430K [0x0f8a0000, 0x167a8000, 0x24e00000)
   the space 113696K,  64% used [0x0f8a0000, 0x140559d8, 0x14055a00, 0x167a8000)
 Metaspace       used 20007K, capacity 20448K, committed 20480K, reserved 20864K
Event: 14.139 GC heap after
Heap after GC invocations=8 (full 2):
 def new generation   total 84608K, used 0K [0x04e00000, 0x0a9c0000, 0x0f8a0000)
  eden space 75264K,   0% used [0x04e00000, 0x04e00000, 0x09780000)
  from space 9344K,   0% used [0x09780000, 0x09780000, 0x0a0a0000)
  to   space 9344K,   0% used [0x0a0a0000, 0x0a0a0000, 0x0a9c0000)
 tenured generation   total 187832K, used 112698K [0x0f8a0000, 0x1b00e000, 0x24e00000)
   the space 187832K,  59% used [0x0f8a0000, 0x166ae948, 0x166aea00, 0x1b00e000)
 Metaspace       used 20007K, capacity 20448K, committed 20480K, reserved 20864K
}
Event: 69.531 GC heap before
{Heap before GC invocations=8 (full 2):
 def new generation   total 84608K, used 74159K [0x04e00000, 0x0a9c0000, 0x0f8a0000)
  eden space 75264K,  98% used [0x04e00000, 0x0966bc18, 0x09780000)
  from space 9344K,   0% used [0x09780000, 0x09780000, 0x0a0a0000)
  to   space 9344K,   0% used [0x0a0a0000, 0x0a0a0000, 0x0a9c0000)
 tenured generation   total 187832K, used 112698K [0x0f8a0000, 0x1b00e000, 0x24e00000)
   the space 187832K,  59% used [0x0f8a0000, 0x166ae948, 0x166aea00, 0x1b00e000)
 Metaspace       used 20954K, capacity 21462K, committed 21504K, reserved 21888K
Event: 69.577 GC heap after
Heap after GC invocations=9 (full 2):
 def new generation   total 84608K, used 9344K [0x04e00000, 0x0a9c0000, 0x0f8a0000)
  eden space 75264K,   0% used [0x04e00000, 0x04e00000, 0x09780000)
  from space 9344K, 100% used [0x0a0a0000, 0x0a9c0000, 0x0a9c0000)
  to   space 9344K,   0% used [0x09780000, 0x09780000, 0x0a0a0000)
 tenured generation   total 187832K, used 120357K [0x0f8a0000, 0x1b00e000, 0x24e00000)
   the space 187832K,  64% used [0x0f8a0000, 0x16e29528, 0x16e29600, 0x1b00e000)
 Metaspace       used 20954K, capacity 21462K, committed 21504K, reserved 21888K
}
Event: 69.668 GC heap before
{Heap before GC invocations=9 (full 2):
 def new generation   total 84608K, used 58669K [0x04e00000, 0x0a9c0000, 0x0f8a0000)
  eden space 75264K,  65% used [0x04e00000, 0x07e2b5b0, 0x09780000)
  from space 9344K, 100% used [0x0a0a0000, 0x0a9c0000, 0x0a9c0000)
  to   space 9344K,   0% used [0x09780000, 0x09780000, 0x0a0a0000)
 tenured generation   total 187832K, used 120357K [0x0f8a0000, 0x1b00e000, 0x24e00000)
   the space 187832K,  64% used [0x0f8a0000, 0x16e29528, 0x16e29600, 0x1b00e000)
 Metaspace       used 20954K, capacity 21462K, committed 21504K, reserved 21888K
Event: 69.756 GC heap after
Heap after GC invocations=10 (full 2):
 def new generation   total 84608K, used 0K [0x04e00000, 0x0a9c0000, 0x0f8a0000)
  eden space 75264K,   0% used [0x04e00000, 0x04e00000, 0x09780000)
  from space 9344K,   0% used [0x09780000, 0x09780078, 0x0a0a0000)
  to   space 9344K,   0% used [0x0a0a0000, 0x0a0a0000, 0x0a9c0000)
 tenured generation   total 187832K, used 153761K [0x0f8a0000, 0x1b00e000, 0x24e00000)
   the space 187832K,  81% used [0x0f8a0000, 0x18ec8708, 0x18ec8800, 0x1b00e000)
 Metaspace       used 20954K, capacity 21462K, committed 21504K, reserved 21888K
}
Event: 72.414 GC heap before
{Heap before GC invocations=10 (full 2):
 def new generation   total 84608K, used 75264K [0x04e00000, 0x0a9c0000, 0x0f8a0000)
  eden space 75264K, 100% used [0x04e00000, 0x09780000, 0x09780000)
  from space 9344K,   0% used [0x09780000, 0x09780078, 0x0a0a0000)
  to   space 9344K,   0% used [0x0a0a0000, 0x0a0a0000, 0x0a9c0000)
 tenured generation   total 187832K, used 153761K [0x0f8a0000, 0x1b00e000, 0x24e00000)
   the space 187832K,  81% used [0x0f8a0000, 0x18ec8708, 0x18ec8800, 0x1b00e000)
 Metaspace       used 20954K, capacity 21462K, committed 21504K, reserved 21888K
Event: 72.533 GC heap after
Heap after GC invocations=11 (full 2):
 def new generation   total 84608K, used 9343K [0x04e00000, 0x0a9c0000, 0x0f8a0000)
  eden space 75264K,   0% used [0x04e00000, 0x04e00000, 0x09780000)
  from space 9344K,  99% used [0x0a0a0000, 0x0a9bfff8, 0x0a9c0000)
  to   space 9344K,   0% used [0x09780000, 0x09780000, 0x0a0a0000)
 tenured generation   total 187832K, used 185741K [0x0f8a0000, 0x1b00e000, 0x24e00000)
   the space 187832K,  98% used [0x0f8a0000, 0x1ae035c0, 0x1ae03600, 0x1b00e000)
 Metaspace       used 20954K, capacity 21462K, committed 21504K, reserved 21888K
}
Event: 2545.349 GC heap before
{Heap before GC invocations=11 (full 2):
 def new generation   total 84608K, used 84607K [0x04e00000, 0x0a9c0000, 0x0f8a0000)
  eden space 75264K, 100% used [0x04e00000, 0x09780000, 0x09780000)
  from space 9344K,  99% used [0x0a0a0000, 0x0a9bfff8, 0x0a9c0000)
  to   space 9344K,   0% used [0x09780000, 0x09780000, 0x0a0a0000)
 tenured generation   total 187832K, used 185741K [0x0f8a0000, 0x1b00e000, 0x24e00000)
   the space 187832K,  98% used [0x0f8a0000, 0x1ae035c0, 0x1ae03600, 0x1b00e000)
 Metaspace       used 21536K, capacity 22095K, committed 22144K, reserved 22912K
Event: 2545.754 GC heap after
Heap after GC invocations=12 (full 3):
 def new generation   total 85952K, used 0K [0x04e00000, 0x0ab40000, 0x0f8a0000)
  eden space 76416K,   0% used [0x04e00000, 0x04e00000, 0x098a0000)
  from space 9536K,   0% used [0x098a0000, 0x098a0000, 0x0a1f0000)
  to   space 9536K,   0% used [0x0a1f0000, 0x0a1f0000, 0x0ab40000)
 tenured generation   total 190904K, used 114541K [0x0f8a0000, 0x1b30e000, 0x24e00000)
   the space 190904K,  59% used [0x0f8a0000, 0x1687b680, 0x1687b800, 0x1b30e000)
 Metaspace       used 21481K, capacity 22015K, committed 22144K, reserved 22912K
}

